malloc 42717 78912 0x0804c009 10 
1 0xb736b334      mov 4 0x0804c004 0xbfbd5ff0 0xb74a0420 78881
0 0xb736b0a0      mov 4 0x0804c004 0xbfbd5ff0 0xb74a0420 78887
1 0xb736b0da      mov 4 0x0804c004 0xbfbd5ff0 0x0804c008 78894
1 0xb736b0e0      mov 4 0x0804c014 0xbfbd5ff0 0x0804c008 78895
0 0xb736c722      mov 4 0x0804c004 0xbfbd6080 0xbfbd60e8 78905

calloc 80650 80764 0x0804c019 50 
0 0xb736d04c      mov 4 0x0804c014 0xbfbd6080 0xbfbd60e8 80669
0 0xb736ab02      mov 4 0x0804c014 0xbfbd5ff0 0xb74a0420 80716
1 0xb736af3b      mov 4 0x0804c014 0xbfbd5ff0 0x0804c018 80720
1 0xb736af44      mov 4 0x0804c04c 0xbfbd5ff0 0x0804c018 80722
0 0xb736d080      mov 4 0x0804c014 0xbfbd6080 0x00020ff0 80728
0 0xb736d0b5      mov 4 0x0804c014 0xbfbd6080 0x00020ff0 80733
1 0xb73728f7     stos 4 0x0804c018 0xbfbd6078 0x00020ff0 80743
1 0xb73728f7     stos 4 0x0804c01c 0xbfbd6078 0x00020ff0 80744
1 0xb73728f7     stos 4 0x0804c020 0xbfbd6078 0x00020ff0 80745
1 0xb73728f7     stos 4 0x0804c024 0xbfbd6078 0x00020ff0 80746
1 0xb73728f7     stos 4 0x0804c028 0xbfbd6078 0x00020ff0 80747
1 0xb73728f7     stos 4 0x0804c02c 0xbfbd6078 0x00020ff0 80748
1 0xb73728f7     stos 4 0x0804c030 0xbfbd6078 0x00020ff0 80749
1 0xb73728f7     stos 4 0x0804c034 0xbfbd6078 0x00020ff0 80750
1 0xb73728f7     stos 4 0x0804c038 0xbfbd6078 0x00020ff0 80751
1 0xb73728f7     stos 4 0x0804c03c 0xbfbd6078 0x00020ff0 80752
1 0xb73728f7     stos 4 0x0804c040 0xbfbd6078 0x00020ff0 80753
1 0xb73728f7     stos 4 0x0804c044 0xbfbd6078 0x00020ff0 80754
1 0xb73728f7     stos 4 0x0804c048 0xbfbd6078 0x00020ff0 80755

realloc 81723 81922 0x0804c051 20 0x0804c009 
0 0xb736cd4e      mov 4 0x0804c004 0xbfbd6040 0xbfbd60e8 81772
0 0xb736bc4b      mov 4 0x0804c004 0xbfbd6000 0xb74a0420 81789
0 0xb736bc80      mov 4 0x0804c014 0xbfbd6000 0xb74a0420 81796
0 0xb736bcf9     test 1 0x0804c04c 0xbfbd6000 0xb74a0420 81802
0 0xb736ab02      mov 4 0x0804c04c 0xbfbd5f70 0xb74a0420 81848
1 0xb736af3b      mov 4 0x0804c04c 0xbfbd5f70 0x0804c050 81852
1 0xb736af44      mov 4 0x0804c06c 0xbfbd5f70 0x0804c050 81854
0 0xb736bd2a      mov 4 0x0804c04c 0xbfbd6000 0xb74a0420 81860
0 0xb736bd56      mov 4 0x0804c008 0xbfbd6000 0xb74a0420 81862
1 0xb736bd5c      mov 4 0x0804c050 0xbfbd6000 0xb74a0420 81863
0 0xb736bd5e      mov 4 0x0804c00c 0xbfbd6000 0xb74a0420 81864
1 0xb736bd61      mov 4 0x0804c054 0xbfbd6000 0xb74a0420 81865
0 0xb736bd64      mov 4 0x0804c010 0xbfbd6000 0xb74a0420 81866
1 0xb736bd67      mov 4 0x0804c058 0xbfbd6000 0xb74a0420 81867
0 0xb73699ed      mov 4 0x0804c004 0xbfbd5f90 0xb74a0420 81876
0 0xb7369a30      mov 4 0x0804c014 0xbfbd5f90 0xb74a0420 81881
1 0xb7369ac5      mov 4 0x0804c008 0xbfbd5f90 0xb74a0401 81893
0 0xb736ce07      mov 4 0x0804c04c 0xbfbd6040 0x0804c000 81911

malloc 82515 82562 0x0804c009 3 
0 0xb736a6bf      mov 4 0x0804c008 0xbfbd6010 0xb74a0420 82543
0 0xb736ac13      mov 4 0x0804c004 0xbfbd6010 0xb74a0420 82547
0 0xb736c722      mov 4 0x0804c004 0xbfbd60a0 0xbfbd60e8 82558

malloc 83155 83232 0x0804c071 1 
0 0xb736ab02      mov 4 0x0804c06c 0xbfbd6010 0xb74a0420 83213
1 0xb736af3b      mov 4 0x0804c06c 0xbfbd6010 0x0804c070 83217
1 0xb736af44      mov 4 0x0804c07c 0xbfbd6010 0x0804c070 83219
0 0xb736c722      mov 4 0x0804c06c 0xbfbd60a0 0xbfbd60e8 83228

malloc 83825 83902 0x0804c081 2 
0 0xb736ab02      mov 4 0x0804c07c 0xbfbd6010 0xb74a0420 83883
1 0xb736af3b      mov 4 0x0804c07c 0xbfbd6010 0x0804c080 83887
1 0xb736af44      mov 4 0x0804c08c 0xbfbd6010 0x0804c080 83889
0 0xb736c722      mov 4 0x0804c07c 0xbfbd60a0 0xbfbd60e8 83898

1 0x080485e1      mov 1 0x0804c051 0xbfbd60c0 0xbfbd60e8 84493

free 84855 84896 0x0804c051 
0 0xb736cc86      mov 4 0x0804c04c 0xbfbd60a0 0xbfbd60e8 84862
0 0xb73699ed      mov 4 0x0804c04c 0xbfbd6050 0xbfbd60e8 84870
0 0xb7369a30      mov 4 0x0804c06c 0xbfbd6050 0xbfbd60e8 84875
1 0xb7369ac5      mov 4 0x0804c050 0xbfbd6050 0xb74a0400 84887

free 84900 84940 0x0804c019 
0 0xb736cc86      mov 4 0x0804c014 0xbfbd60a0 0xbfbd60e8 84907
0 0xb73699ed      mov 4 0x0804c014 0xbfbd6050 0xbfbd60e8 84915
0 0xb7369a30      mov 4 0x0804c04c 0xbfbd6050 0xbfbd60e8 84920
1 0xb7369ac5      mov 4 0x0804c018 0xbfbd6050 0xb74a0400 84932
