bin32/drrun -c libmyclient.so -- a32.out 
a32.out 0x08048000 0x0804b000 /home/ubuntu14/Desktop/a32.out
libdynamorio.so 0x8004a000 0x801ff000 /home/ubuntu14/Desktop/DynamoRIO-i386-Linux-7.0.17598-0/lib32/release/libdynamorio.so
libmyclient.so 0xb7705000 0xb7750000 /home/ubuntu14/Desktop/libmyclient.so
ld-linux.so.2 0xb7751000 0xb7773000 /lib/i386-linux-gnu/ld-2.19.so
linux-gate.so.1 0xb7776000 0xb7777000 [vdso]
libc.so.6 0xb72f6000 0xb74a4000 /lib/i386-linux-gnu/libc-2.19.so
__libc_malloc 42717 78912 0x0804c009 10 
TEST: 0x0804c009
__libc_calloc 80650 80764 0x0804c019 50 
TEST: 0x0804c019
__libc_realloc 81723 81922 0x0804c051 20 0x0804c009 
TEST: 0x0804c051
__libc_malloc 82515 82562 0x0804c009 3 
TEST: 0x0804c009
__libc_malloc 83155 83232 0x0804c071 1 
TEST: 0x0804c071
__libc_malloc 83825 83902 0x0804c081 2 
TEST: 0x0804c081
__libc_free 84855 84896 0x0804c051 
__libc_free 84900 84940 0x0804c019 